[server]2024/02/27 - 14:09:47.062	[34minfo[0m	D:/src/igo/initialize/router.go:62	router register success
[server]2024/02/27 - 14:09:47.077	[34minfo[0m	D:/src/igo/core/server.go:25	server run success on 	{"address": ":8888"}
[server]2024/02/27 - 14:11:05.433	[34minfo[0m	D:/src/igo/initialize/router.go:62	router register success
[server]2024/02/27 - 14:11:05.453	[34minfo[0m	D:/src/igo/core/server.go:25	server run success on 	{"address": ":8888"}
[server]2024/02/27 - 14:43:09.577	[34minfo[0m	D:/src/igo/initialize/router.go:62	router register success
[server]2024/02/27 - 14:43:09.598	[34minfo[0m	D:/src/igo/core/server.go:28	server run success on 	{"address": ":8888"}
[server]2024/02/27 - 14:45:06.827	[34minfo[0m	D:/src/igo/initialize/router.go:62	router register success
[server]2024/02/27 - 14:45:06.846	[34minfo[0m	D:/src/igo/core/server.go:32	server run success on 	{"address": ":8888"}
[server]2024/02/27 - 14:46:53.740	[34minfo[0m	D:/src/igo/initialize/router.go:62	router register success
[server]2024/02/27 - 14:46:53.751	[34minfo[0m	D:/src/igo/core/server.go:32	server run success on 	{"address": ":8888"}
[server]2024/02/27 - 14:53:42.868	[34minfo[0m	D:/src/igo/initialize/redis.go:42	redis connect ping response:	{"pong": "PONG"}
[server]2024/02/27 - 14:53:42.874	[34minfo[0m	D:/src/igo/initialize/redis.go:44	redis init success 
[server]2024/02/27 - 14:53:42.874	[34minfo[0m	D:/src/igo/initialize/router.go:62	router register success
[server]2024/02/27 - 14:53:42.881	[34minfo[0m	D:/src/igo/core/server.go:33	server run success on 	{"address": ":8888"}
[server]2024/02/27 - 15:03:19.997	[34minfo[0m	D:/src/igo/initialize/redis.go:42	redis connect ping response:	{"pong": "PONG"}
[server]2024/02/27 - 15:03:20.004	[34minfo[0m	D:/src/igo/initialize/redis.go:44	redis init success 
[server]2024/02/27 - 15:04:35.348	[34minfo[0m	D:/src/igo/initialize/router.go:62	router register success
[server]2024/02/27 - 15:04:37.700	[34minfo[0m	D:/src/igo/core/server.go:44	Shutting down HTTP server...
[server]2024/02/27 - 15:04:37.700	[34minfo[0m	D:/src/igo/core/server.go:52	HTTP server shutdown.
[server]2024/02/27 - 15:07:27.210	[34minfo[0m	D:/src/igo/initialize/redis.go:42	redis connect ping response:	{"pong": "PONG"}
[server]2024/02/27 - 15:07:27.216	[34minfo[0m	D:/src/igo/initialize/redis.go:44	redis init success 
[server]2024/02/27 - 15:07:36.068	[34minfo[0m	D:/src/igo/initialize/router.go:62	router register success
[server]2024/02/27 - 15:07:45.772	[34minfo[0m	D:/src/igo/core/server.go:45	Shutting down HTTP server...
[server]2024/02/27 - 15:07:45.772	[34minfo[0m	D:/src/igo/core/server.go:37	http server run success 	{"address": ":8888"}
[server]2024/02/27 - 15:07:45.772	[34minfo[0m	D:/src/igo/core/server.go:53	HTTP server shutdown.
[server]2024/02/27 - 15:08:24.446	[34minfo[0m	D:/src/igo/initialize/redis.go:42	redis connect ping response:	{"pong": "PONG"}
[server]2024/02/27 - 15:08:24.452	[34minfo[0m	D:/src/igo/initialize/redis.go:44	redis init success 
[server]2024/02/27 - 15:08:24.453	[34minfo[0m	D:/src/igo/initialize/router.go:62	router register success
[server]2024/02/27 - 15:08:30.380	[34minfo[0m	D:/src/igo/core/server.go:45	Shutting down HTTP server...
[server]2024/02/27 - 15:08:30.380	[34minfo[0m	D:/src/igo/core/server.go:37	http server run success 	{"address": ":8888"}
[server]2024/02/27 - 15:08:30.380	[34minfo[0m	D:/src/igo/core/server.go:53	HTTP server shutdown.
[server]2024/02/27 - 15:11:36.737	[34minfo[0m	D:/src/igo/initialize/redis.go:42	redis connect ping response:	{"pong": "PONG"}
[server]2024/02/27 - 15:11:36.743	[34minfo[0m	D:/src/igo/initialize/redis.go:44	redis init success 
[server]2024/02/27 - 15:13:18.901	[34minfo[0m	D:/src/igo/initialize/redis.go:42	redis connect ping response:	{"pong": "PONG"}
[server]2024/02/27 - 15:13:18.908	[34minfo[0m	D:/src/igo/initialize/redis.go:44	redis init success 
[server]2024/02/27 - 15:13:36.567	[34minfo[0m	D:/src/igo/initialize/redis.go:42	redis connect ping response:	{"pong": "PONG"}
[server]2024/02/27 - 15:13:36.574	[34minfo[0m	D:/src/igo/initialize/redis.go:44	redis init success 
[server]2024/02/27 - 15:13:36.574	[34minfo[0m	D:/src/igo/initialize/router.go:62	router register success
[server]2024/02/27 - 15:13:36.587	[34minfo[0m	D:/src/igo/core/server.go:69	server run success on 	{"address": ":8888"}
[server]2024/02/27 - 15:13:44.402	[34minfo[0m	D:/src/igo/core/server.go:77	Shutting down server...
[server]2024/02/27 - 15:32:29.272	[34minfo[0m	D:/src/igo/initialize/redis.go:42	redis connect ping response:	{"pong": "PONG"}
[server]2024/02/27 - 15:32:29.278	[34minfo[0m	D:/src/igo/initialize/redis.go:44	redis init success 
[server]2024/02/27 - 15:32:38.743	[34minfo[0m	D:/src/igo/initialize/router.go:62	router register success
[server]2024/02/27 - 15:32:38.744	[34minfo[0m	D:/src/igo/core/server.go:69	server run success on 	{"address": ":8888"}
[server]2024/02/27 - 15:33:20.622	[34minfo[0m	D:/src/igo/core/server.go:77	Shutting down server...
[server]2024/02/27 - 15:33:26.624	[34minfo[0m	D:/src/igo/initialize/redis.go:42	redis connect ping response:	{"pong": "PONG"}
[server]2024/02/27 - 15:33:26.630	[34minfo[0m	D:/src/igo/initialize/redis.go:44	redis init success 
[server]2024/02/27 - 15:35:05.253	[34minfo[0m	D:/src/igo/initialize/redis.go:42	redis connect ping response:	{"pong": "PONG"}
[server]2024/02/27 - 15:35:05.260	[34minfo[0m	D:/src/igo/initialize/redis.go:44	redis init success 
[server]2024/02/27 - 15:35:39.599	[34minfo[0m	D:/src/igo/initialize/router.go:62	router register success
[server]2024/02/27 - 15:35:39.600	[34minfo[0m	D:/src/igo/core/server.go:69	server run success on 	{"address": ":8888"}
[server]2024/02/27 - 15:53:47.815	[34minfo[0m	D:/src/igo/initialize/redis.go:42	redis connect ping response:	{"pong": "PONG"}
[server]2024/02/27 - 15:53:47.821	[34minfo[0m	D:/src/igo/initialize/redis.go:44	redis init success 
[server]2024/02/27 - 16:25:48.273	[34minfo[0m	D:/src/igo/initialize/redis.go:42	redis connect ping response:	{"pong": "PONG"}
[server]2024/02/27 - 16:25:48.279	[34minfo[0m	D:/src/igo/initialize/redis.go:44	redis init success 
[server]2024/02/27 - 16:26:20.688	[34minfo[0m	D:/src/igo/initialize/router.go:62	router register success
[server]2024/02/27 - 16:26:20.697	[34minfo[0m	D:/src/igo/core/server.go:69	server run success on 	{"address": ":8888"}
[server]2024/02/27 - 16:40:46.142	[34minfo[0m	D:/src/igo/core/server.go:77	Shutting down server...
[server]2024/02/27 - 16:41:22.392	[34minfo[0m	D:/src/igo/initialize/router.go:68	router register success
[server]2024/02/27 - 16:41:22.405	[34minfo[0m	D:/src/igo/core/server.go:69	server run success on 	{"address": ":8888"}
[server]2024/02/27 - 16:41:51.437	[34minfo[0m	D:/src/igo/core/server.go:77	Shutting down server...
[server]2024/02/27 - 16:45:48.766	[34minfo[0m	D:/src/igo/initialize/router.go:68	router register success
[server]2024/02/27 - 16:45:48.777	[34minfo[0m	D:/src/igo/core/server.go:69	server run success on 	{"address": ":8888"}
[server]2024/02/27 - 16:52:03.417	[34minfo[0m	D:/src/igo/core/server.go:77	Shutting down server...
[server]2024/02/27 - 16:52:07.564	[34minfo[0m	D:/src/igo/initialize/router.go:69	router register success
[server]2024/02/27 - 16:52:07.572	[34minfo[0m	D:/src/igo/core/server.go:69	server run success on 	{"address": ":8888"}
[server]2024/02/27 - 17:03:02.237	[34minfo[0m	D:/src/igo/core/server.go:77	Shutting down server...
[server]2024/02/27 - 17:28:06.359	[34minfo[0m	D:/src/igo/initialize/router.go:69	router register success
[server]2024/02/27 - 17:28:06.376	[34minfo[0m	D:/src/igo/core/server.go:69	server run success on 	{"address": ":8888"}
[server]2024/02/27 - 17:28:10.640	[34minfo[0m	D:/src/igo/core/server.go:77	Shutting down server...
[server]2024/02/27 - 17:38:30.971	[34minfo[0m	D:/src/igo/initialize/router.go:63	router register success
[server]2024/02/27 - 17:38:30.981	[34minfo[0m	D:/src/igo/core/server.go:69	server run success on 	{"address": ":8888"}
[server]2024/02/27 - 17:38:39.297	[34minfo[0m	D:/src/igo/core/server.go:77	Shutting down server...
